[H[2J[3J[0;36m
    ____  _   _____       ____  __                  
   / __ \/ | / /   |     / ___\/ /____  ____ _____ 
  / / / /  |/ / /| |     \__ \/ __/ _ \/ __ `/ __ \
 / /_/ / /|  / ___ |    ___/ / /_/  __/ /_/ / /_/ /
/_____/_/ |_/_/  |_|   /____/\__/\___/\__, /\____/ 
                                     /____/        
[0m

[0;36m================================[0m
[0;36mSTEP 1: Prerequisites Check[0m
[0;36m================================[0m

[0;35m→ Checking Docker...[0m
[0;32m✓ Docker: Docker version 29.2.1, build a5c7197[0m
[0;35m→ Checking Docker Compose...[0m
[0;32m✓ Docker Compose: Docker Compose version 2.26.1-4[0m
[0;35m→ Checking Python3...[0m
[0;32m✓ Python3: Python 3.13.5[0m
[0;35m→ Checking Node.js...[0m
[0;32m✓ Node.js: v20.19.2[0m

[0;36m================================[0m
[0;36mSTEP 2: Project Structure[0m
[0;36m================================[0m

[0;35m→ Creating directories...[0m
[0;34mℹ Exists: app/api[0m
[0;34mℹ Exists: app/auth[0m
[0;34mℹ Exists: app/crypto[0m
[0;34mℹ Exists: app/decoder[0m
[0;34mℹ Exists: app/dna[0m
[0;34mℹ Exists: app/fasta[0m
[0;34mℹ Exists: app/pipeline[0m
[0;34mℹ Exists: app/preprocessing[0m
[0;32m✓ Created: app/tests[0m
[0;34mℹ Exists: frontend/src/components[0m
[0;34mℹ Exists: frontend/public[0m
[0;34mℹ Exists: storage/fasta_files[0m
[0;32m✓ Created: logs[0m
[0;32m✓ Created: .github/workflows[0m
[0;32m✓ Created: nginx[0m
[0;32m✓ Created: docs[0m

[0;36m================================[0m
[0;36mSTEP 3: Configuration Files[0m
[0;36m================================[0m

[0;34mℹ .env file exists[0m

[0;36m================================[0m
[0;36mSTEP 4: Port Check[0m
[0;36m================================[0m

[0;32m✓ Port 8000 is available[0m
[0;32m✓ Port 5173 is available[0m

[0;36m================================[0m
[0;36mSTEP 5: Dependencies[0m
[0;36m================================[0m

[0;35m→ Installing backend dependencies...[0m
[0;32m✓ Backend dependencies installed[0m
[0;35m→ Installing frontend dependencies...[0m
[0;32m✓ Frontend dependencies installed[0m

[0;36m================================[0m
[0;36mSTEP 6: Code Quality[0m
[0;36m================================[0m

[0;35m→ Formatting Python code...[0m
[0;32m✓ Python code formatted[0m
[0;35m→ Checking frontend...[0m

/home/jojo/labs/git-lab/Projects/dna-stego/frontend/src/components/layout/Navbar.jsx
  45:32  error  'Icon' is defined but never used  no-unused-vars

/home/jojo/labs/git-lab/Projects/dna-stego/frontend/src/context/AuthContext.jsx
  36:58  error  'password' is defined but never used                                                                                            no-unused-vars
  46:47  error  'password' is defined but never used                                                                                            no-unused-vars
  90:17  error  Fast refresh only works when a file only exports components. Use a new file to share constants or functions between components  react-refresh/only-export-components

/home/jojo/labs/git-lab/Projects/dna-stego/frontend/src/pages/DashboardHome.jsx
  2:10  error  'motion' is defined but never used. Allowed unused vars must match /^[A-Z_]/u  no-unused-vars

/home/jojo/labs/git-lab/Projects/dna-stego/frontend/src/pages/LandingPage.jsx
    3:10  error  'motion' is defined but never used. Allowed unused vars must match /^[A-Z_]/u  no-unused-vars
  131:48  error  'Icon' is defined but never used                                               no-unused-vars

/home/jojo/labs/git-lab/Projects/dna-stego/frontend/src/pages/LoginPage.jsx
  3:10  error  'motion' is defined but never used. Allowed unused vars must match /^[A-Z_]/u  no-unused-vars

/home/jojo/labs/git-lab/Projects/dna-stego/frontend/src/pages/tools/DnaStego.jsx
    2:10  error  'motion' is defined but never used. Allowed unused vars must match /^[A-Z_]/u  no-unused-vars
   49:47  error  'Icon' is defined but never used                                               no-unused-vars
  422:46  error  'Icon' is defined but never used                                               no-unused-vars
  482:31  error  'Icon' is defined but never used                                               no-unused-vars

/home/jojo/labs/git-lab/Projects/dna-stego/frontend/vite.config.js
  12:25  error  '__dirname' is not defined  no-undef

✖ 13 problems (13 errors, 0 warnings)

[0;32m✓ Frontend checked[0m

[0;36m================================[0m
[0;36mSTEP 7: Testing[0m
[0;36m================================[0m

[0;35m→ Running backend tests...[0m
============================= test session starts ==============================
platform linux -- Python 3.13.5, pytest-9.0.3, pluggy-1.6.0
rootdir: /home/jojo/labs/git-lab/Projects/dna-stego
plugins: anyio-4.12.1, cov-7.1.0
collected 0 items

============================ no tests ran in 0.01s =============================
[1;33m⚠ Some tests may need implementation[0m
[0;35m→ Building frontend...[0m
[0;32m✓ Frontend builds successfully[0m

[0;36m================================[0m
[0;36mSTEP 8: Docker Build[0m
[0;36m================================[0m

[0;35m→ Building images (this takes time)...[0m
no configuration file provided: not found
